
     _____                         _
    |  __ \                       (_)
    | |__) |_____   _____ _ __ ___ _
    |  _  // _ \ \ / / _ \ '__/ __| |
    | | \ \  __/\ V /  __/ |  \__ \ |
    |_|  \_\___| \_/ \___|_|  |___/_|

    Developed by The Students Inc.
    CSE231 Spring Semester 2018
    Michigan State University
    East Lansing, MI 48824, USA.

Pick a color: black
You are 'black' and your opponent is 'white'.
Input a board size: 8
Current board:
    1   2   3   4   5   6   7   8
  +---+---+---+---+---+---+---+---+
a |   |   |   |   |   |   |   |   |
  +---+---+---+---+---+---+---+---+
b |   |   |   |   |   |   |   |   |
  +---+---+---+---+---+---+---+---+
c |   |   |   |   |   |   |   |   |
  +---+---+---+---+---+---+---+---+
d |   |   |   | W | B |   |   |   |
  +---+---+---+---+---+---+---+---+
e |   |   |   | B | W |   |   |   |
  +---+---+---+---+---+---+---+---+
f |   |   |   |   |   |   |   |   |
  +---+---+---+---+---+---+---+---+
g |   |   |   |   |   |   |   |   |
  +---+---+---+---+---+---+---+---+
h |   |   |   |   |   |   |   |   |
  +---+---+---+---+---+---+---+---+

  Black: 2, White: 2
[white's turn] :> e3
        white played e3.
Current board:
    1   2   3   4   5   6   7   8
  +---+---+---+---+---+---+---+---+
a |   |   |   |   |   |   |   |   |
  +---+---+---+---+---+---+---+---+
b |   |   |   |   |   |   |   |   |
  +---+---+---+---+---+---+---+---+
c |   |   |   |   |   |   |   |   |
  +---+---+---+---+---+---+---+---+
d |   |   |   | W | B |   |   |   |
  +---+---+---+---+---+---+---+---+
e |   |   | W | W | W |   |   |   |
  +---+---+---+---+---+---+---+---+
f |   |   |   |   |   |   |   |   |
  +---+---+---+---+---+---+---+---+
g |   |   |   |   |   |   |   |   |
  +---+---+---+---+---+---+---+---+
h |   |   |   |   |   |   |   |   |
  +---+---+---+---+---+---+---+---+

  Black: 1, White: 4
[black's turn] :> f3
        black played f3.
Current board:
    1   2   3   4   5   6   7   8
  +---+---+---+---+---+---+---+---+
a |   |   |   |   |   |   |   |   |
  +---+---+---+---+---+---+---+---+
b |   |   |   |   |   |   |   |   |
  +---+---+---+---+---+---+---+---+
c |   |   |   |   |   |   |   |   |
  +---+---+---+---+---+---+---+---+
d |   |   |   | W | B |   |   |   |
  +---+---+---+---+---+---+---+---+
e |   |   | W | B | W |   |   |   |
  +---+---+---+---+---+---+---+---+
f |   |   | B |   |   |   |   |   |
  +---+---+---+---+---+---+---+---+
g |   |   |   |   |   |   |   |   |
  +---+---+---+---+---+---+---+---+
h |   |   |   |   |   |   |   |   |
  +---+---+---+---+---+---+---+---+

  Black: 3, White: 3
[white's turn] :> c6
Error: Can't place W at 'c6', it's not a capture. Type 'hint' to get suggestions.
Current board:
    1   2   3   4   5   6   7   8
  +---+---+---+---+---+---+---+---+
a |   |   |   |   |   |   |   |   |
  +---+---+---+---+---+---+---+---+
b |   |   |   |   |   |   |   |   |
  +---+---+---+---+---+---+---+---+
c |   |   |   |   |   |   |   |   |
  +---+---+---+---+---+---+---+---+
d |   |   |   | W | B |   |   |   |
  +---+---+---+---+---+---+---+---+
e |   |   | W | B | W |   |   |   |
  +---+---+---+---+---+---+---+---+
f |   |   | B |   |   |   |   |   |
  +---+---+---+---+---+---+---+---+
g |   |   |   |   |   |   |   |   |
  +---+---+---+---+---+---+---+---+
h |   |   |   |   |   |   |   |   |
  +---+---+---+---+---+---+---+---+

  Black: 3, White: 3
[white's turn] :> c4
Error: Can't place W at 'c4', it's not a capture. Type 'hint' to get suggestions.
Current board:
    1   2   3   4   5   6   7   8
  +---+---+---+---+---+---+---+---+
a |   |   |   |   |   |   |   |   |
  +---+---+---+---+---+---+---+---+
b |   |   |   |   |   |   |   |   |
  +---+---+---+---+---+---+---+---+
c |   |   |   |   |   |   |   |   |
  +---+---+---+---+---+---+---+---+
d |   |   |   | W | B |   |   |   |
  +---+---+---+---+---+---+---+---+
e |   |   | W | B | W |   |   |   |
  +---+---+---+---+---+---+---+---+
f |   |   | B |   |   |   |   |   |
  +---+---+---+---+---+---+---+---+
g |   |   |   |   |   |   |   |   |
  +---+---+---+---+---+---+---+---+
h |   |   |   |   |   |   |   |   |
  +---+---+---+---+---+---+---+---+

  Black: 3, White: 3
[white's turn] :> d7
Error: Can't place W at 'd7', it's not a capture. Type 'hint' to get suggestions.
Current board:
    1   2   3   4   5   6   7   8
  +---+---+---+---+---+---+---+---+
a |   |   |   |   |   |   |   |   |
  +---+---+---+---+---+---+---+---+
b |   |   |   |   |   |   |   |   |
  +---+---+---+---+---+---+---+---+
c |   |   |   |   |   |   |   |   |
  +---+---+---+---+---+---+---+---+
d |   |   |   | W | B |   |   |   |
  +---+---+---+---+---+---+---+---+
e |   |   | W | B | W |   |   |   |
  +---+---+---+---+---+---+---+---+
f |   |   | B |   |   |   |   |   |
  +---+---+---+---+---+---+---+---+
g |   |   |   |   |   |   |   |   |
  +---+---+---+---+---+---+---+---+
h |   |   |   |   |   |   |   |   |
  +---+---+---+---+---+---+---+---+

  Black: 3, White: 3
[white's turn] :> a2
Error: Can't place W at 'a2', it's not a capture. Type 'hint' to get suggestions.
Current board:
    1   2   3   4   5   6   7   8
  +---+---+---+---+---+---+---+---+
a |   |   |   |   |   |   |   |   |
  +---+---+---+---+---+---+---+---+
b |   |   |   |   |   |   |   |   |
  +---+---+---+---+---+---+---+---+
c |   |   |   |   |   |   |   |   |
  +---+---+---+---+---+---+---+---+
d |   |   |   | W | B |   |   |   |
  +---+---+---+---+---+---+---+---+
e |   |   | W | B | W |   |   |   |
  +---+---+---+---+---+---+---+---+
f |   |   | B |   |   |   |   |   |
  +---+---+---+---+---+---+---+---+
g |   |   |   |   |   |   |   |   |
  +---+---+---+---+---+---+---+---+
h |   |   |   |   |   |   |   |   |
  +---+---+---+---+---+---+---+---+

  Black: 3, White: 3
[white's turn] :> b4
Error: Can't place W at 'b4', it's not a capture. Type 'hint' to get suggestions.
Current board:
    1   2   3   4   5   6   7   8
  +---+---+---+---+---+---+---+---+
a |   |   |   |   |   |   |   |   |
  +---+---+---+---+---+---+---+---+
b |   |   |   |   |   |   |   |   |
  +---+---+---+---+---+---+---+---+
c |   |   |   |   |   |   |   |   |
  +---+---+---+---+---+---+---+---+
d |   |   |   | W | B |   |   |   |
  +---+---+---+---+---+---+---+---+
e |   |   | W | B | W |   |   |   |
  +---+---+---+---+---+---+---+---+
f |   |   | B |   |   |   |   |   |
  +---+---+---+---+---+---+---+---+
g |   |   |   |   |   |   |   |   |
  +---+---+---+---+---+---+---+---+
h |   |   |   |   |   |   |   |   |
  +---+---+---+---+---+---+---+---+

  Black: 3, White: 3
[white's turn] :> c8
Error: Can't place W at 'c8', it's not a capture. Type 'hint' to get suggestions.
Current board:
    1   2   3   4   5   6   7   8
  +---+---+---+---+---+---+---+---+
a |   |   |   |   |   |   |   |   |
  +---+---+---+---+---+---+---+---+
b |   |   |   |   |   |   |   |   |
  +---+---+---+---+---+---+---+---+
c |   |   |   |   |   |   |   |   |
  +---+---+---+---+---+---+---+---+
d |   |   |   | W | B |   |   |   |
  +---+---+---+---+---+---+---+---+
e |   |   | W | B | W |   |   |   |
  +---+---+---+---+---+---+---+---+
f |   |   | B |   |   |   |   |   |
  +---+---+---+---+---+---+---+---+
g |   |   |   |   |   |   |   |   |
  +---+---+---+---+---+---+---+---+
h |   |   |   |   |   |   |   |   |
  +---+---+---+---+---+---+---+---+

  Black: 3, White: 3
[white's turn] :> e8
Error: Can't place W at 'e8', it's not a capture. Type 'hint' to get suggestions.
Current board:
    1   2   3   4   5   6   7   8
  +---+---+---+---+---+---+---+---+
a |   |   |   |   |   |   |   |   |
  +---+---+---+---+---+---+---+---+
b |   |   |   |   |   |   |   |   |
  +---+---+---+---+---+---+---+---+
c |   |   |   |   |   |   |   |   |
  +---+---+---+---+---+---+---+---+
d |   |   |   | W | B |   |   |   |
  +---+---+---+---+---+---+---+---+
e |   |   | W | B | W |   |   |   |
  +---+---+---+---+---+---+---+---+
f |   |   | B |   |   |   |   |   |
  +---+---+---+---+---+---+---+---+
g |   |   |   |   |   |   |   |   |
  +---+---+---+---+---+---+---+---+
h |   |   |   |   |   |   |   |   |
  +---+---+---+---+---+---+---+---+

  Black: 3, White: 3
[white's turn] :> f4
        white played f4.
Current board:
    1   2   3   4   5   6   7   8
  +---+---+---+---+---+---+---+---+
a |   |   |   |   |   |   |   |   |
  +---+---+---+---+---+---+---+---+
b |   |   |   |   |   |   |   |   |
  +---+---+---+---+---+---+---+---+
c |   |   |   |   |   |   |   |   |
  +---+---+---+---+---+---+---+---+
d |   |   |   | W | B |   |   |   |
  +---+---+---+---+---+---+---+---+
e |   |   | W | W | W |   |   |   |
  +---+---+---+---+---+---+---+---+
f |   |   | B | W |   |   |   |   |
  +---+---+---+---+---+---+---+---+
g |   |   |   |   |   |   |   |   |
  +---+---+---+---+---+---+---+---+
h |   |   |   |   |   |   |   |   |
  +---+---+---+---+---+---+---+---+

  Black: 2, White: 5
[black's turn] :> c2
Error: Can't place B at 'c2', it's not a capture. Type 'hint' to get suggestions.
Current board:
    1   2   3   4   5   6   7   8
  +---+---+---+---+---+---+---+---+
a |   |   |   |   |   |   |   |   |
  +---+---+---+---+---+---+---+---+
b |   |   |   |   |   |   |   |   |
  +---+---+---+---+---+---+---+---+
c |   |   |   |   |   |   |   |   |
  +---+---+---+---+---+---+---+---+
d |   |   |   | W | B |   |   |   |
  +---+---+---+---+---+---+---+---+
e |   |   | W | W | W |   |   |   |
  +---+---+---+---+---+---+---+---+
f |   |   | B | W |   |   |   |   |
  +---+---+---+---+---+---+---+---+
g |   |   |   |   |   |   |   |   |
  +---+---+---+---+---+---+---+---+
h |   |   |   |   |   |   |   |   |
  +---+---+---+---+---+---+---+---+

  Black: 2, White: 5
[black's turn] :> d3
        black played d3.
Current board:
    1   2   3   4   5   6   7   8
  +---+---+---+---+---+---+---+---+
a |   |   |   |   |   |   |   |   |
  +---+---+---+---+---+---+---+---+
b |   |   |   |   |   |   |   |   |
  +---+---+---+---+---+---+---+---+
c |   |   |   |   |   |   |   |   |
  +---+---+---+---+---+---+---+---+
d |   |   | B | B | B |   |   |   |
  +---+---+---+---+---+---+---+---+
e |   |   | B | W | W |   |   |   |
  +---+---+---+---+---+---+---+---+
f |   |   | B | W |   |   |   |   |
  +---+---+---+---+---+---+---+---+
g |   |   |   |   |   |   |   |   |
  +---+---+---+---+---+---+---+---+
h |   |   |   |   |   |   |   |   |
  +---+---+---+---+---+---+---+---+

  Black: 5, White: 3
[white's turn] :> b5
Error: Can't place W at 'b5', it's not a capture. Type 'hint' to get suggestions.
Current board:
    1   2   3   4   5   6   7   8
  +---+---+---+---+---+---+---+---+
a |   |   |   |   |   |   |   |   |
  +---+---+---+---+---+---+---+---+
b |   |   |   |   |   |   |   |   |
  +---+---+---+---+---+---+---+---+
c |   |   |   |   |   |   |   |   |
  +---+---+---+---+---+---+---+---+
d |   |   | B | B | B |   |   |   |
  +---+---+---+---+---+---+---+---+
e |   |   | B | W | W |   |   |   |
  +---+---+---+---+---+---+---+---+
f |   |   | B | W |   |   |   |   |
  +---+---+---+---+---+---+---+---+
g |   |   |   |   |   |   |   |   |
  +---+---+---+---+---+---+---+---+
h |   |   |   |   |   |   |   |   |
  +---+---+---+---+---+---+---+---+

  Black: 5, White: 3
[white's turn] :> c4
        white played c4.
Current board:
    1   2   3   4   5   6   7   8
  +---+---+---+---+---+---+---+---+
a |   |   |   |   |   |   |   |   |
  +---+---+---+---+---+---+---+---+
b |   |   |   |   |   |   |   |   |
  +---+---+---+---+---+---+---+---+
c |   |   |   | W |   |   |   |   |
  +---+---+---+---+---+---+---+---+
d |   |   | B | W | B |   |   |   |
  +---+---+---+---+---+---+---+---+
e |   |   | B | W | W |   |   |   |
  +---+---+---+---+---+---+---+---+
f |   |   | B | W |   |   |   |   |
  +---+---+---+---+---+---+---+---+
g |   |   |   |   |   |   |   |   |
  +---+---+---+---+---+---+---+---+
h |   |   |   |   |   |   |   |   |
  +---+---+---+---+---+---+---+---+

  Black: 4, White: 5
[black's turn] :> f5
        black played f5.
Current board:
    1   2   3   4   5   6   7   8
  +---+---+---+---+---+---+---+---+
a |   |   |   |   |   |   |   |   |
  +---+---+---+---+---+---+---+---+
b |   |   |   |   |   |   |   |   |
  +---+---+---+---+---+---+---+---+
c |   |   |   | W |   |   |   |   |
  +---+---+---+---+---+---+---+---+
d |   |   | B | W | B |   |   |   |
  +---+---+---+---+---+---+---+---+
e |   |   | B | B | B |   |   |   |
  +---+---+---+---+---+---+---+---+
f |   |   | B | B | B |   |   |   |
  +---+---+---+---+---+---+---+---+
g |   |   |   |   |   |   |   |   |
  +---+---+---+---+---+---+---+---+
h |   |   |   |   |   |   |   |   |
  +---+---+---+---+---+---+---+---+

  Black: 8, White: 2
[white's turn] :> d6
        white played d6.
Current board:
    1   2   3   4   5   6   7   8
  +---+---+---+---+---+---+---+---+
a |   |   |   |   |   |   |   |   |
  +---+---+---+---+---+---+---+---+
b |   |   |   |   |   |   |   |   |
  +---+---+---+---+---+---+---+---+
c |   |   |   | W |   |   |   |   |
  +---+---+---+---+---+---+---+---+
d |   |   | B | W | W | W |   |   |
  +---+---+---+---+---+---+---+---+
e |   |   | B | B | B |   |   |   |
  +---+---+---+---+---+---+---+---+
f |   |   | B | B | B |   |   |   |
  +---+---+---+---+---+---+---+---+
g |   |   |   |   |   |   |   |   |
  +---+---+---+---+---+---+---+---+
h |   |   |   |   |   |   |   |   |
  +---+---+---+---+---+---+---+---+

  Black: 7, White: 4
[black's turn] :> c5
        black played c5.
Current board:
    1   2   3   4   5   6   7   8
  +---+---+---+---+---+---+---+---+
a |   |   |   |   |   |   |   |   |
  +---+---+---+---+---+---+---+---+
b |   |   |   |   |   |   |   |   |
  +---+---+---+---+---+---+---+---+
c |   |   |   | W | B |   |   |   |
  +---+---+---+---+---+---+---+---+
d |   |   | B | B | B | W |   |   |
  +---+---+---+---+---+---+---+---+
e |   |   | B | B | B |   |   |   |
  +---+---+---+---+---+---+---+---+
f |   |   | B | B | B |   |   |   |
  +---+---+---+---+---+---+---+---+
g |   |   |   |   |   |   |   |   |
  +---+---+---+---+---+---+---+---+
h |   |   |   |   |   |   |   |   |
  +---+---+---+---+---+---+---+---+

  Black: 10, White: 2
[white's turn] :> exit
Current board:
    1   2   3   4   5   6   7   8
  +---+---+---+---+---+---+---+---+
a |   |   |   |   |   |   |   |   |
  +---+---+---+---+---+---+---+---+
b |   |   |   |   |   |   |   |   |
  +---+---+---+---+---+---+---+---+
c |   |   |   | W | B |   |   |   |
  +---+---+---+---+---+---+---+---+
d |   |   | B | B | B | W |   |   |
  +---+---+---+---+---+---+---+---+
e |   |   | B | B | B |   |   |   |
  +---+---+---+---+---+---+---+---+
f |   |   | B | B | B |   |   |   |
  +---+---+---+---+---+---+---+---+
g |   |   |   |   |   |   |   |   |
  +---+---+---+---+---+---+---+---+
h |   |   |   |   |   |   |   |   |
  +---+---+---+---+---+---+---+---+

  Black: 10, White: 2
'black' wins by 8! yay!!
